<?xml version="1.0" encoding="UTF-8"?>
<!-- Generated by org.testng.reporters.JUnitReportReporter -->
<testsuite hostname="CA02MLKM9775" name="SuiteA.SuiteA2" tests="2" failures="0" timestamp="26 Jun 2015 18:40:32 GMT" time="0.002" errors="0">
  <testcase name="TestCaseA22" time="0.001" classname="SuiteA.SuiteA2"/>
  <testcase name="TestCaseA11" time="0.001" classname="SuiteA.SuiteA2"/>
</testsuite> <!-- SuiteA.SuiteA2 -->
