<?xml version="1.0" encoding="UTF-8"?>
<!-- Generated by org.testng.reporters.JUnitReportReporter -->
<testsuite hostname="CA02MLKM9775" name="SuiteA.SuiteA1" tests="3" failures="0" timestamp="26 Jun 2015 18:40:32 GMT" time="0.011" errors="0">
  <testcase name="TestCase2" time="0.000" classname="SuiteA.SuiteA1"/>
  <testcase name="TestCase1" time="0.003" classname="SuiteA.SuiteA1"/>
  <testcase name="TestInitialSetup" time="0.008" classname="SuiteA.SuiteA1"/>
</testsuite> <!-- SuiteA.SuiteA1 -->
