<?xml version="1.0" encoding="UTF-8"?>
<!-- Generated by org.testng.reporters.JUnitReportReporter -->
<testsuite hostname="CA02MLKM9775" name="SuiteB.SuiteB1" tests="2" failures="0" timestamp="26 Jun 2015 18:40:32 GMT" time="0.002" errors="0">
  <testcase name="TestCase2" time="0.001" classname="SuiteB.SuiteB1"/>
  <testcase name="TestCase1" time="0.001" classname="SuiteB.SuiteB1"/>
</testsuite> <!-- SuiteB.SuiteB1 -->
